<?xml version="1.0" encoding="UTF-8"?>
<coverage generated="1677941141035" clover="3.2.0">
  <project timestamp="1677941141036" name="All files">
    <metrics statements="41" coveredstatements="37" conditionals="22" coveredconditionals="20" methods="2" coveredmethods="2" elements="65" coveredelements="59" complexity="0" loc="41" ncloc="41" packages="1" files="1" classes="1"/>
    <file name="loader.js" path="/Users/infmax/projects/frontend-testing-react-project-67/loader.js">
      <metrics statements="41" coveredstatements="37" conditionals="22" coveredconditionals="20" methods="2" coveredmethods="2"/>
      <line num="13" count="1" type="stmt"/>
      <line num="15" count="1" type="cond" truecount="0" falsecount="1"/>
      <line num="16" count="12" type="cond" truecount="5" falsecount="0"/>
      <line num="17" count="2" type="stmt"/>
      <line num="20" count="10" type="stmt"/>
      <line num="24" count="10" type="stmt"/>
      <line num="25" count="10" type="stmt"/>
      <line num="27" count="2" type="stmt"/>
      <line num="29" count="2" type="stmt"/>
      <line num="33" count="8" type="stmt"/>
      <line num="35" count="8" type="stmt"/>
      <line num="37" count="8" type="stmt"/>
      <line num="40" count="30" type="cond" truecount="2" falsecount="0"/>
      <line num="41" count="30" type="stmt"/>
      <line num="43" count="30" type="stmt"/>
      <line num="46" count="8" type="stmt"/>
      <line num="48" count="8" type="cond" truecount="2" falsecount="0"/>
      <line num="49" count="1" type="stmt"/>
      <line num="51" count="8" type="stmt"/>
      <line num="53" count="8" type="stmt"/>
      <line num="54" count="30" type="stmt"/>
      <line num="55" count="30" type="stmt"/>
      <line num="57" count="30" type="cond" truecount="4" falsecount="0"/>
      <line num="58" count="9" type="stmt"/>
      <line num="63" count="21" type="stmt"/>
      <line num="64" count="21" type="stmt"/>
      <line num="66" count="0" type="stmt"/>
      <line num="69" count="21" type="cond" truecount="3" falsecount="1"/>
      <line num="70" count="0" type="stmt"/>
      <line num="71" count="0" type="stmt"/>
      <line num="74" count="21" type="stmt"/>
      <line num="76" count="21" type="stmt"/>
      <line num="78" count="21" type="cond" truecount="2" falsecount="0"/>
      <line num="80" count="21" type="cond" truecount="2" falsecount="0"/>
      <line num="81" count="7" type="stmt"/>
      <line num="83" count="14" type="stmt"/>
      <line num="86" count="21" type="stmt"/>
      <line num="87" count="21" type="stmt"/>
      <line num="89" count="0" type="stmt"/>
      <line num="93" count="8" type="stmt"/>
      <line num="95" count="8" type="stmt"/>
    </file>
  </project>
</coverage>
