<?xml version="1.0" encoding="UTF-8"?>
<coverage generated="1677941806936" clover="3.2.0">
  <project timestamp="1677941806936" name="All files">
    <metrics statements="99" coveredstatements="92" conditionals="25" coveredconditionals="22" methods="2" coveredmethods="2" elements="126" coveredelements="116" complexity="0" loc="99" ncloc="99" packages="1" files="1" classes="1"/>
    <file name="loader.js" path="/Users/infmax/projects/frontend-testing-react-project-67/loader.js">
      <metrics statements="99" coveredstatements="92" conditionals="25" coveredconditionals="22" methods="2" coveredmethods="2"/>
      <line num="1" count="1" type="stmt"/>
      <line num="2" count="1" type="stmt"/>
      <line num="3" count="1" type="stmt"/>
      <line num="4" count="1" type="stmt"/>
      <line num="5" count="1" type="stmt"/>
      <line num="6" count="1" type="stmt"/>
      <line num="7" count="1" type="stmt"/>
      <line num="8" count="1" type="stmt"/>
      <line num="9" count="1" type="stmt"/>
      <line num="10" count="1" type="stmt"/>
      <line num="11" count="1" type="stmt"/>
      <line num="12" count="1" type="stmt"/>
      <line num="13" count="1" type="stmt"/>
      <line num="14" count="1" type="stmt"/>
      <line num="15" count="1" type="cond" truecount="1" falsecount="0"/>
      <line num="16" count="12" type="cond" truecount="3" falsecount="0"/>
      <line num="17" count="2" type="stmt"/>
      <line num="18" count="2" type="cond" truecount="1" falsecount="0"/>
      <line num="19" count="10" type="stmt"/>
      <line num="20" count="10" type="stmt"/>
      <line num="21" count="10" type="stmt"/>
      <line num="22" count="10" type="stmt"/>
      <line num="23" count="10" type="stmt"/>
      <line num="24" count="10" type="stmt"/>
      <line num="25" count="10" type="cond" truecount="1" falsecount="0"/>
      <line num="26" count="12" type="cond" truecount="1" falsecount="0"/>
      <line num="27" count="2" type="stmt"/>
      <line num="28" count="2" type="stmt"/>
      <line num="29" count="2" type="stmt"/>
      <line num="30" count="2" type="cond" truecount="1" falsecount="0"/>
      <line num="31" count="8" type="stmt"/>
      <line num="32" count="8" type="stmt"/>
      <line num="33" count="8" type="stmt"/>
      <line num="34" count="8" type="stmt"/>
      <line num="35" count="8" type="stmt"/>
      <line num="36" count="8" type="stmt"/>
      <line num="37" count="8" type="stmt"/>
      <line num="38" count="8" type="stmt"/>
      <line num="39" count="8" type="cond" truecount="1" falsecount="0"/>
      <line num="40" count="30" type="cond" truecount="1" falsecount="0"/>
      <line num="41" count="30" type="stmt"/>
      <line num="42" count="30" type="stmt"/>
      <line num="43" count="30" type="stmt"/>
      <line num="44" count="30" type="stmt"/>
      <line num="45" count="8" type="stmt"/>
      <line num="46" count="8" type="stmt"/>
      <line num="47" count="8" type="stmt"/>
      <line num="48" count="12" type="cond" truecount="1" falsecount="0"/>
      <line num="49" count="1" type="stmt"/>
      <line num="50" count="1" type="cond" truecount="1" falsecount="0"/>
      <line num="51" count="8" type="stmt"/>
      <line num="52" count="8" type="stmt"/>
      <line num="53" count="12" type="cond" truecount="1" falsecount="0"/>
      <line num="54" count="30" type="stmt"/>
      <line num="55" count="30" type="stmt"/>
      <line num="56" count="30" type="stmt"/>
      <line num="57" count="30" type="cond" truecount="1" falsecount="0"/>
      <line num="58" count="9" type="stmt"/>
      <line num="59" count="9" type="cond" truecount="1" falsecount="0"/>
      <line num="60" count="21" type="stmt"/>
      <line num="61" count="21" type="stmt"/>
      <line num="62" count="21" type="stmt"/>
      <line num="63" count="21" type="stmt"/>
      <line num="64" count="21" type="stmt"/>
      <line num="65" count="30" type="cond" truecount="0" falsecount="1"/>
      <line num="66" count="0" type="stmt"/>
      <line num="67" count="0" type="cond" truecount="1" falsecount="0"/>
      <line num="68" count="21" type="stmt"/>
      <line num="69" count="30" type="cond" truecount="0" falsecount="1"/>
      <line num="70" count="0" type="stmt"/>
      <line num="71" count="0" type="stmt"/>
      <line num="72" count="0" type="cond" truecount="1" falsecount="0"/>
      <line num="73" count="21" type="stmt"/>
      <line num="74" count="21" type="stmt"/>
      <line num="75" count="21" type="stmt"/>
      <line num="76" count="21" type="stmt"/>
      <line num="77" count="21" type="stmt"/>
      <line num="78" count="30" type="cond" truecount="1" falsecount="0"/>
      <line num="79" count="30" type="stmt"/>
      <line num="80" count="30" type="cond" truecount="1" falsecount="0"/>
      <line num="81" count="7" type="stmt"/>
      <line num="82" count="30" type="cond" truecount="1" falsecount="0"/>
      <line num="83" count="14" type="stmt"/>
      <line num="84" count="14" type="cond" truecount="1" falsecount="0"/>
      <line num="85" count="21" type="stmt"/>
      <line num="86" count="21" type="stmt"/>
      <line num="87" count="21" type="stmt"/>
      <line num="88" count="30" type="cond" truecount="0" falsecount="1"/>
      <line num="89" count="0" type="stmt"/>
      <line num="90" count="0" type="stmt"/>
      <line num="91" count="30" type="cond" truecount="1" falsecount="0"/>
      <line num="92" count="8" type="stmt"/>
      <line num="93" count="8" type="stmt"/>
      <line num="94" count="8" type="stmt"/>
      <line num="95" count="8" type="stmt"/>
      <line num="96" count="8" type="stmt"/>
      <line num="97" count="1" type="stmt"/>
      <line num="98" count="1" type="stmt"/>
      <line num="99" count="1" type="stmt"/>
    </file>
  </project>
</coverage>
