{"/Users/infmax/projects/frontend-testing-react-project-67/loader.js": {"path":"/Users/infmax/projects/frontend-testing-react-project-67/loader.js","statementMap":{"0":{"start":{"line":13,"column":14},"end":{"line":13,"column":34}},"1":{"start":{"line":15,"column":13},"end":{"line":96,"column":1}},"2":{"start":{"line":16,"column":2},"end":{"line":18,"column":3}},"3":{"start":{"line":17,"column":4},"end":{"line":17,"column":33}},"4":{"start":{"line":20,"column":19},"end":{"line":20,"column":82}},"5":{"start":{"line":24,"column":2},"end":{"line":30,"column":3}},"6":{"start":{"line":25,"column":4},"end":{"line":25,"column":40}},"7":{"start":{"line":27,"column":4},"end":{"line":27,"column":35}},"8":{"start":{"line":29,"column":4},"end":{"line":29,"column":12}},"9":{"start":{"line":33,"column":18},"end":{"line":33,"column":35}},"10":{"start":{"line":35,"column":12},"end":{"line":35,"column":33}},"11":{"start":{"line":37,"column":21},"end":{"line":37,"column":33}},"12":{"start":{"line":40,"column":19},"end":{"line":40,"column":62}},"13":{"start":{"line":41,"column":16},"end":{"line":41,"column":39}},"14":{"start":{"line":43,"column":4},"end":{"line":43,"column":58}},"15":{"start":{"line":46,"column":15},"end":{"line":46,"column":48}},"16":{"start":{"line":48,"column":2},"end":{"line":50,"column":3}},"17":{"start":{"line":49,"column":4},"end":{"line":49,"column":68}},"18":{"start":{"line":51,"column":2},"end":{"line":51,"column":45}},"19":{"start":{"line":53,"column":2},"end":{"line":91,"column":3}},"20":{"start":{"line":54,"column":20},"end":{"line":54,"column":39}},"21":{"start":{"line":55,"column":17},"end":{"line":55,"column":35}},"22":{"start":{"line":57,"column":4},"end":{"line":59,"column":5}},"23":{"start":{"line":58,"column":6},"end":{"line":58,"column":15}},"24":{"start":{"line":63,"column":4},"end":{"line":67,"column":5}},"25":{"start":{"line":64,"column":6},"end":{"line":64,"column":72}},"26":{"start":{"line":66,"column":6},"end":{"line":66,"column":44}},"27":{"start":{"line":69,"column":4},"end":{"line":72,"column":5}},"28":{"start":{"line":70,"column":6},"end":{"line":70,"column":41}},"29":{"start":{"line":71,"column":6},"end":{"line":71,"column":15}},"30":{"start":{"line":74,"column":40},"end":{"line":74,"column":56}},"31":{"start":{"line":76,"column":27},"end":{"line":77,"column":36}},"32":{"start":{"line":78,"column":24},"end":{"line":78,"column":78}},"33":{"start":{"line":80,"column":4},"end":{"line":84,"column":5}},"34":{"start":{"line":81,"column":6},"end":{"line":81,"column":73}},"35":{"start":{"line":83,"column":6},"end":{"line":83,"column":75}},"36":{"start":{"line":86,"column":4},"end":{"line":90,"column":5}},"37":{"start":{"line":87,"column":6},"end":{"line":87,"column":65}},"38":{"start":{"line":89,"column":6},"end":{"line":89,"column":43}},"39":{"start":{"line":93,"column":2},"end":{"line":93,"column":58}},"40":{"start":{"line":95,"column":2},"end":{"line":95,"column":49}}},"fnMap":{"0":{"name":"(anonymous_0)","decl":{"start":{"line":15,"column":13},"end":{"line":15,"column":14}},"loc":{"start":{"line":15,"column":39},"end":{"line":96,"column":1}},"line":15},"1":{"name":"mapTags","decl":{"start":{"line":39,"column":11},"end":{"line":39,"column":18}},"loc":{"start":{"line":39,"column":21},"end":{"line":44,"column":3}},"line":39}},"branchMap":{"0":{"loc":{"start":{"line":15,"column":25},"end":{"line":15,"column":34}},"type":"default-arg","locations":[{"start":{"line":15,"column":31},"end":{"line":15,"column":34}}],"line":15},"1":{"loc":{"start":{"line":16,"column":2},"end":{"line":18,"column":3}},"type":"if","locations":[{"start":{"line":16,"column":2},"end":{"line":18,"column":3}},{"start":{},"end":{}}],"line":16},"2":{"loc":{"start":{"line":16,"column":6},"end":{"line":16,"column":56}},"type":"binary-expr","locations":[{"start":{"line":16,"column":6},"end":{"line":16,"column":10}},{"start":{"line":16,"column":14},"end":{"line":16,"column":29}},{"start":{"line":16,"column":33},"end":{"line":16,"column":56}}],"line":16},"3":{"loc":{"start":{"line":40,"column":19},"end":{"line":40,"column":62}},"type":"binary-expr","locations":[{"start":{"line":40,"column":19},"end":{"line":40,"column":38}},{"start":{"line":40,"column":42},"end":{"line":40,"column":62}}],"line":40},"4":{"loc":{"start":{"line":48,"column":2},"end":{"line":50,"column":3}},"type":"if","locations":[{"start":{"line":48,"column":2},"end":{"line":50,"column":3}},{"start":{},"end":{}}],"line":48},"5":{"loc":{"start":{"line":57,"column":4},"end":{"line":59,"column":5}},"type":"if","locations":[{"start":{"line":57,"column":4},"end":{"line":59,"column":5}},{"start":{},"end":{}}],"line":57},"6":{"loc":{"start":{"line":57,"column":8},"end":{"line":57,"column":42}},"type":"binary-expr","locations":[{"start":{"line":57,"column":8},"end":{"line":57,"column":13}},{"start":{"line":57,"column":17},"end":{"line":57,"column":42}}],"line":57},"7":{"loc":{"start":{"line":69,"column":4},"end":{"line":72,"column":5}},"type":"if","locations":[{"start":{"line":69,"column":4},"end":{"line":72,"column":5}},{"start":{},"end":{}}],"line":69},"8":{"loc":{"start":{"line":69,"column":8},"end":{"line":69,"column":35}},"type":"binary-expr","locations":[{"start":{"line":69,"column":8},"end":{"line":69,"column":17}},{"start":{"line":69,"column":21},"end":{"line":69,"column":35}}],"line":69},"9":{"loc":{"start":{"line":78,"column":62},"end":{"line":78,"column":76}},"type":"binary-expr","locations":[{"start":{"line":78,"column":62},"end":{"line":78,"column":65}},{"start":{"line":78,"column":69},"end":{"line":78,"column":76}}],"line":78},"10":{"loc":{"start":{"line":80,"column":4},"end":{"line":84,"column":5}},"type":"if","locations":[{"start":{"line":80,"column":4},"end":{"line":84,"column":5}},{"start":{"line":82,"column":11},"end":{"line":84,"column":5}}],"line":80}},"s":{"0":1,"1":1,"2":12,"3":2,"4":10,"5":10,"6":10,"7":2,"8":2,"9":8,"10":8,"11":8,"12":30,"13":30,"14":30,"15":8,"16":8,"17":1,"18":8,"19":8,"20":30,"21":30,"22":30,"23":9,"24":21,"25":21,"26":0,"27":21,"28":0,"29":0,"30":21,"31":21,"32":21,"33":21,"34":7,"35":14,"36":21,"37":21,"38":0,"39":8,"40":8},"f":{"0":12,"1":30},"b":{"0":[0],"1":[2,10],"2":[12,11,11],"3":[30,15],"4":[1,7],"5":[9,21],"6":[30,30],"7":[0,21],"8":[21,21],"9":[21,7],"10":[7,14]},"_coverageSchema":"1a1c01bbd47fc00a2c39e90264f33305004495a9","hash":"19e37986aa7b30fa9f87cebbabebcc639b64e720"}
}
