{"/Users/infmax/projects/frontend-testing-react-project-67/loader.js": {"path":"/Users/infmax/projects/frontend-testing-react-project-67/loader.js","all":false,"statementMap":{"0":{"start":{"line":1,"column":0},"end":{"line":1,"column":0}},"1":{"start":{"line":2,"column":0},"end":{"line":2,"column":0}},"2":{"start":{"line":3,"column":0},"end":{"line":3,"column":72}},"3":{"start":{"line":4,"column":0},"end":{"line":4,"column":0}},"4":{"start":{"line":5,"column":0},"end":{"line":5,"column":29}},"5":{"start":{"line":6,"column":0},"end":{"line":6,"column":21}},"6":{"start":{"line":7,"column":0},"end":{"line":7,"column":26}},"7":{"start":{"line":8,"column":0},"end":{"line":8,"column":35}},"8":{"start":{"line":9,"column":0},"end":{"line":9,"column":26}},"9":{"start":{"line":10,"column":0},"end":{"line":10,"column":25}},"10":{"start":{"line":11,"column":0},"end":{"line":11,"column":24}},"11":{"start":{"line":12,"column":0},"end":{"line":12,"column":0}},"12":{"start":{"line":13,"column":0},"end":{"line":13,"column":35}},"13":{"start":{"line":14,"column":0},"end":{"line":14,"column":0}},"14":{"start":{"line":15,"column":0},"end":{"line":15,"column":40}},"15":{"start":{"line":16,"column":0},"end":{"line":16,"column":59}},"16":{"start":{"line":17,"column":0},"end":{"line":17,"column":33}},"17":{"start":{"line":18,"column":0},"end":{"line":18,"column":3}},"18":{"start":{"line":19,"column":0},"end":{"line":19,"column":0}},"19":{"start":{"line":20,"column":0},"end":{"line":20,"column":83}},"20":{"start":{"line":21,"column":0},"end":{"line":21,"column":0}},"21":{"start":{"line":22,"column":0},"end":{"line":22,"column":19}},"22":{"start":{"line":23,"column":0},"end":{"line":23,"column":0}},"23":{"start":{"line":24,"column":0},"end":{"line":24,"column":7}},"24":{"start":{"line":25,"column":0},"end":{"line":25,"column":40}},"25":{"start":{"line":26,"column":0},"end":{"line":26,"column":15}},"26":{"start":{"line":27,"column":0},"end":{"line":27,"column":35}},"27":{"start":{"line":28,"column":0},"end":{"line":28,"column":0}},"28":{"start":{"line":29,"column":0},"end":{"line":29,"column":12}},"29":{"start":{"line":30,"column":0},"end":{"line":30,"column":3}},"30":{"start":{"line":31,"column":0},"end":{"line":31,"column":20}},"31":{"start":{"line":32,"column":0},"end":{"line":32,"column":0}},"32":{"start":{"line":33,"column":0},"end":{"line":33,"column":36}},"33":{"start":{"line":34,"column":0},"end":{"line":34,"column":0}},"34":{"start":{"line":35,"column":0},"end":{"line":35,"column":34}},"35":{"start":{"line":36,"column":0},"end":{"line":36,"column":0}},"36":{"start":{"line":37,"column":0},"end":{"line":37,"column":34}},"37":{"start":{"line":38,"column":0},"end":{"line":38,"column":0}},"38":{"start":{"line":39,"column":0},"end":{"line":39,"column":22}},"39":{"start":{"line":40,"column":0},"end":{"line":40,"column":63}},"40":{"start":{"line":41,"column":0},"end":{"line":41,"column":40}},"41":{"start":{"line":42,"column":0},"end":{"line":42,"column":0}},"42":{"start":{"line":43,"column":0},"end":{"line":43,"column":58}},"43":{"start":{"line":44,"column":0},"end":{"line":44,"column":3}},"44":{"start":{"line":45,"column":0},"end":{"line":45,"column":0}},"45":{"start":{"line":46,"column":0},"end":{"line":46,"column":49}},"46":{"start":{"line":47,"column":0},"end":{"line":47,"column":0}},"47":{"start":{"line":48,"column":0},"end":{"line":48,"column":51}},"48":{"start":{"line":49,"column":0},"end":{"line":49,"column":68}},"49":{"start":{"line":50,"column":0},"end":{"line":50,"column":3}},"50":{"start":{"line":51,"column":0},"end":{"line":51,"column":45}},"51":{"start":{"line":52,"column":0},"end":{"line":52,"column":0}},"52":{"start":{"line":53,"column":0},"end":{"line":53,"column":27}},"53":{"start":{"line":54,"column":0},"end":{"line":54,"column":40}},"54":{"start":{"line":55,"column":0},"end":{"line":55,"column":36}},"55":{"start":{"line":56,"column":0},"end":{"line":56,"column":0}},"56":{"start":{"line":57,"column":0},"end":{"line":57,"column":45}},"57":{"start":{"line":58,"column":0},"end":{"line":58,"column":15}},"58":{"start":{"line":59,"column":0},"end":{"line":59,"column":5}},"59":{"start":{"line":60,"column":0},"end":{"line":60,"column":0}},"60":{"start":{"line":61,"column":0},"end":{"line":61,"column":17}},"61":{"start":{"line":62,"column":0},"end":{"line":62,"column":0}},"62":{"start":{"line":63,"column":0},"end":{"line":63,"column":9}},"63":{"start":{"line":64,"column":0},"end":{"line":64,"column":72}},"64":{"start":{"line":65,"column":0},"end":{"line":65,"column":17}},"65":{"start":{"line":66,"column":0},"end":{"line":66,"column":44}},"66":{"start":{"line":67,"column":0},"end":{"line":67,"column":5}},"67":{"start":{"line":68,"column":0},"end":{"line":68,"column":0}},"68":{"start":{"line":69,"column":0},"end":{"line":69,"column":38}},"69":{"start":{"line":70,"column":0},"end":{"line":70,"column":41}},"70":{"start":{"line":71,"column":0},"end":{"line":71,"column":15}},"71":{"start":{"line":72,"column":0},"end":{"line":72,"column":5}},"72":{"start":{"line":73,"column":0},"end":{"line":73,"column":0}},"73":{"start":{"line":74,"column":0},"end":{"line":74,"column":57}},"74":{"start":{"line":75,"column":0},"end":{"line":75,"column":0}},"75":{"start":{"line":76,"column":0},"end":{"line":76,"column":79}},"76":{"start":{"line":77,"column":0},"end":{"line":77,"column":37}},"77":{"start":{"line":78,"column":0},"end":{"line":78,"column":79}},"78":{"start":{"line":79,"column":0},"end":{"line":79,"column":0}},"79":{"start":{"line":80,"column":0},"end":{"line":80,"column":29}},"80":{"start":{"line":81,"column":0},"end":{"line":81,"column":73}},"81":{"start":{"line":82,"column":0},"end":{"line":82,"column":12}},"82":{"start":{"line":83,"column":0},"end":{"line":83,"column":75}},"83":{"start":{"line":84,"column":0},"end":{"line":84,"column":5}},"84":{"start":{"line":85,"column":0},"end":{"line":85,"column":0}},"85":{"start":{"line":86,"column":0},"end":{"line":86,"column":9}},"86":{"start":{"line":87,"column":0},"end":{"line":87,"column":65}},"87":{"start":{"line":88,"column":0},"end":{"line":88,"column":17}},"88":{"start":{"line":89,"column":0},"end":{"line":89,"column":43}},"89":{"start":{"line":90,"column":0},"end":{"line":90,"column":5}},"90":{"start":{"line":91,"column":0},"end":{"line":91,"column":3}},"91":{"start":{"line":92,"column":0},"end":{"line":92,"column":0}},"92":{"start":{"line":93,"column":0},"end":{"line":93,"column":58}},"93":{"start":{"line":94,"column":0},"end":{"line":94,"column":0}},"94":{"start":{"line":95,"column":0},"end":{"line":95,"column":49}},"95":{"start":{"line":96,"column":0},"end":{"line":96,"column":2}},"96":{"start":{"line":97,"column":0},"end":{"line":97,"column":0}},"97":{"start":{"line":98,"column":0},"end":{"line":98,"column":20}},"98":{"start":{"line":99,"column":0},"end":{"line":99,"column":20}}},"s":{"0":1,"1":1,"2":1,"3":1,"4":1,"5":1,"6":1,"7":1,"8":1,"9":1,"10":1,"11":1,"12":1,"13":1,"14":1,"15":12,"16":2,"17":2,"18":10,"19":10,"20":10,"21":10,"22":10,"23":10,"24":10,"25":12,"26":2,"27":2,"28":2,"29":2,"30":8,"31":8,"32":8,"33":8,"34":8,"35":8,"36":8,"37":8,"38":8,"39":30,"40":30,"41":30,"42":30,"43":30,"44":8,"45":8,"46":8,"47":12,"48":1,"49":1,"50":8,"51":8,"52":12,"53":30,"54":30,"55":30,"56":30,"57":9,"58":9,"59":21,"60":21,"61":21,"62":21,"63":21,"64":30,"65":0,"66":0,"67":21,"68":30,"69":0,"70":0,"71":0,"72":21,"73":21,"74":21,"75":21,"76":21,"77":30,"78":30,"79":30,"80":7,"81":30,"82":14,"83":14,"84":21,"85":21,"86":21,"87":30,"88":0,"89":0,"90":30,"91":8,"92":8,"93":8,"94":8,"95":8,"96":1,"97":1,"98":1},"branchMap":{"0":{"type":"branch","line":15,"loc":{"start":{"line":15,"column":13},"end":{"line":96,"column":2}},"locations":[{"start":{"line":15,"column":13},"end":{"line":96,"column":2}}]},"1":{"type":"branch","line":16,"loc":{"start":{"line":16,"column":10},"end":{"line":16,"column":29}},"locations":[{"start":{"line":16,"column":10},"end":{"line":16,"column":29}}]},"2":{"type":"branch","line":16,"loc":{"start":{"line":16,"column":29},"end":{"line":16,"column":56}},"locations":[{"start":{"line":16,"column":29},"end":{"line":16,"column":56}}]},"3":{"type":"branch","line":16,"loc":{"start":{"line":16,"column":58},"end":{"line":18,"column":3}},"locations":[{"start":{"line":16,"column":58},"end":{"line":18,"column":3}}]},"4":{"type":"branch","line":18,"loc":{"start":{"line":18,"column":2},"end":{"line":25,"column":40}},"locations":[{"start":{"line":18,"column":2},"end":{"line":25,"column":40}}]},"5":{"type":"branch","line":25,"loc":{"start":{"line":25,"column":39},"end":{"line":26,"column":4}},"locations":[{"start":{"line":25,"column":39},"end":{"line":26,"column":4}}]},"6":{"type":"branch","line":26,"loc":{"start":{"line":26,"column":4},"end":{"line":30,"column":3}},"locations":[{"start":{"line":26,"column":4},"end":{"line":30,"column":3}}]},"7":{"type":"branch","line":30,"loc":{"start":{"line":30,"column":2},"end":{"line":48,"column":50}},"locations":[{"start":{"line":30,"column":2},"end":{"line":48,"column":50}}]},"8":{"type":"branch","line":48,"loc":{"start":{"line":48,"column":50},"end":{"line":50,"column":3}},"locations":[{"start":{"line":48,"column":50},"end":{"line":50,"column":3}}]},"9":{"type":"branch","line":50,"loc":{"start":{"line":50,"column":2},"end":{"line":53,"column":26}},"locations":[{"start":{"line":50,"column":2},"end":{"line":53,"column":26}}]},"10":{"type":"branch","line":53,"loc":{"start":{"line":53,"column":26},"end":{"line":91,"column":3}},"locations":[{"start":{"line":53,"column":26},"end":{"line":91,"column":3}}]},"11":{"type":"branch","line":57,"loc":{"start":{"line":57,"column":44},"end":{"line":59,"column":5}},"locations":[{"start":{"line":57,"column":44},"end":{"line":59,"column":5}}]},"12":{"type":"branch","line":59,"loc":{"start":{"line":59,"column":4},"end":{"line":65,"column":6}},"locations":[{"start":{"line":59,"column":4},"end":{"line":65,"column":6}}]},"13":{"type":"branch","line":65,"loc":{"start":{"line":65,"column":6},"end":{"line":67,"column":5}},"locations":[{"start":{"line":65,"column":6},"end":{"line":67,"column":5}}]},"14":{"type":"branch","line":67,"loc":{"start":{"line":67,"column":4},"end":{"line":69,"column":35}},"locations":[{"start":{"line":67,"column":4},"end":{"line":69,"column":35}}]},"15":{"type":"branch","line":69,"loc":{"start":{"line":69,"column":37},"end":{"line":72,"column":5}},"locations":[{"start":{"line":69,"column":37},"end":{"line":72,"column":5}}]},"16":{"type":"branch","line":72,"loc":{"start":{"line":72,"column":4},"end":{"line":78,"column":69}},"locations":[{"start":{"line":72,"column":4},"end":{"line":78,"column":69}}]},"17":{"type":"branch","line":78,"loc":{"start":{"line":78,"column":65},"end":{"line":78,"column":77}},"locations":[{"start":{"line":78,"column":65},"end":{"line":78,"column":77}}]},"18":{"type":"branch","line":80,"loc":{"start":{"line":80,"column":28},"end":{"line":82,"column":5}},"locations":[{"start":{"line":80,"column":28},"end":{"line":82,"column":5}}]},"19":{"type":"branch","line":82,"loc":{"start":{"line":82,"column":5},"end":{"line":84,"column":5}},"locations":[{"start":{"line":82,"column":5},"end":{"line":84,"column":5}}]},"20":{"type":"branch","line":84,"loc":{"start":{"line":84,"column":4},"end":{"line":88,"column":6}},"locations":[{"start":{"line":84,"column":4},"end":{"line":88,"column":6}}]},"21":{"type":"branch","line":88,"loc":{"start":{"line":88,"column":6},"end":{"line":90,"column":5}},"locations":[{"start":{"line":88,"column":6},"end":{"line":90,"column":5}}]},"22":{"type":"branch","line":91,"loc":{"start":{"line":91,"column":2},"end":{"line":96,"column":2}},"locations":[{"start":{"line":91,"column":2},"end":{"line":96,"column":2}}]},"23":{"type":"branch","line":39,"loc":{"start":{"line":39,"column":2},"end":{"line":44,"column":3}},"locations":[{"start":{"line":39,"column":2},"end":{"line":44,"column":3}}]},"24":{"type":"branch","line":40,"loc":{"start":{"line":40,"column":38},"end":{"line":40,"column":62}},"locations":[{"start":{"line":40,"column":38},"end":{"line":40,"column":62}}]}},"b":{"0":[12],"1":[11],"2":[11],"3":[2],"4":[10],"5":[8],"6":[2],"7":[8],"8":[1],"9":[8],"10":[30],"11":[9],"12":[21],"13":[0],"14":[21],"15":[0],"16":[21],"17":[7],"18":[7],"19":[14],"20":[21],"21":[0],"22":[8],"23":[30],"24":[15]},"fnMap":{"0":{"name":"load","decl":{"start":{"line":15,"column":13},"end":{"line":96,"column":2}},"loc":{"start":{"line":15,"column":13},"end":{"line":96,"column":2}},"line":15},"1":{"name":"mapTags","decl":{"start":{"line":39,"column":2},"end":{"line":44,"column":3}},"loc":{"start":{"line":39,"column":2},"end":{"line":44,"column":3}},"line":39}},"f":{"0":12,"1":30}}
}
