TN:
SF:loader.js
FN:15,(anonymous_0)
FN:39,mapTags
FNF:2
FNH:2
FNDA:12,(anonymous_0)
FNDA:30,mapTags
DA:13,1
DA:15,1
DA:16,12
DA:17,2
DA:20,10
DA:24,10
DA:25,10
DA:27,2
DA:29,2
DA:33,8
DA:35,8
DA:37,8
DA:40,30
DA:41,30
DA:43,30
DA:46,8
DA:48,8
DA:49,1
DA:51,8
DA:53,8
DA:54,30
DA:55,30
DA:57,30
DA:58,9
DA:63,21
DA:64,21
DA:66,0
DA:69,21
DA:70,0
DA:71,0
DA:74,21
DA:76,21
DA:78,21
DA:80,21
DA:81,7
DA:83,14
DA:86,21
DA:87,21
DA:89,0
DA:93,8
DA:95,8
LF:41
LH:37
BRDA:15,0,0,0
BRDA:16,1,0,2
BRDA:16,1,1,10
BRDA:16,2,0,12
BRDA:16,2,1,11
BRDA:16,2,2,11
BRDA:40,3,0,30
BRDA:40,3,1,15
BRDA:48,4,0,1
BRDA:48,4,1,7
BRDA:57,5,0,9
BRDA:57,5,1,21
BRDA:57,6,0,30
BRDA:57,6,1,30
BRDA:69,7,0,0
BRDA:69,7,1,21
BRDA:69,8,0,21
BRDA:69,8,1,21
BRDA:78,9,0,21
BRDA:78,9,1,7
BRDA:80,10,0,7
BRDA:80,10,1,14
BRF:22
BRH:20
end_of_record
