TN:
SF:loader.js
FN:15,load
FN:39,mapTags
FNF:2
FNH:2
FNDA:12,load
FNDA:30,mapTags
DA:1,1
DA:2,1
DA:3,1
DA:4,1
DA:5,1
DA:6,1
DA:7,1
DA:8,1
DA:9,1
DA:10,1
DA:11,1
DA:12,1
DA:13,1
DA:14,1
DA:15,1
DA:16,12
DA:17,2
DA:18,2
DA:19,10
DA:20,10
DA:21,10
DA:22,10
DA:23,10
DA:24,10
DA:25,10
DA:26,12
DA:27,2
DA:28,2
DA:29,2
DA:30,2
DA:31,8
DA:32,8
DA:33,8
DA:34,8
DA:35,8
DA:36,8
DA:37,8
DA:38,8
DA:39,8
DA:40,30
DA:41,30
DA:42,30
DA:43,30
DA:44,30
DA:45,8
DA:46,8
DA:47,8
DA:48,12
DA:49,1
DA:50,1
DA:51,8
DA:52,8
DA:53,12
DA:54,30
DA:55,30
DA:56,30
DA:57,30
DA:58,9
DA:59,9
DA:60,21
DA:61,21
DA:62,21
DA:63,21
DA:64,21
DA:65,30
DA:66,0
DA:67,0
DA:68,21
DA:69,30
DA:70,0
DA:71,0
DA:72,0
DA:73,21
DA:74,21
DA:75,21
DA:76,21
DA:77,21
DA:78,30
DA:79,30
DA:80,30
DA:81,7
DA:82,30
DA:83,14
DA:84,14
DA:85,21
DA:86,21
DA:87,21
DA:88,30
DA:89,0
DA:90,0
DA:91,30
DA:92,8
DA:93,8
DA:94,8
DA:95,8
DA:96,8
DA:97,1
DA:98,1
DA:99,1
LF:99
LH:92
BRDA:15,0,0,12
BRDA:16,1,0,11
BRDA:16,2,0,11
BRDA:16,3,0,2
BRDA:18,4,0,10
BRDA:25,5,0,8
BRDA:26,6,0,2
BRDA:30,7,0,8
BRDA:48,8,0,1
BRDA:50,9,0,8
BRDA:53,10,0,30
BRDA:57,11,0,9
BRDA:59,12,0,21
BRDA:65,13,0,0
BRDA:67,14,0,21
BRDA:69,15,0,0
BRDA:72,16,0,21
BRDA:78,17,0,7
BRDA:80,18,0,7
BRDA:82,19,0,14
BRDA:84,20,0,21
BRDA:88,21,0,0
BRDA:91,22,0,8
BRDA:39,23,0,30
BRDA:40,24,0,15
BRF:25
BRH:22
end_of_record
